2025-07-10 11:05:00 | DEBUG | repo=a4m36jee-2014 | action=commit
2025-11-16 16:56:00 | DEBUG | repo=a4m36jee-2014 | action=commit
2025-07-28 21:48:00 | INFO | repo=a4m36jee-2014 | action=commit
2025-11-18 15:45:00 | DEBUG | repo=a4m36jee-2014 | action=pull
2025-09-04 15:31:00 | INFO | repo=a4m36jee-2014 | action=test | passed=true
2025-04-10 13:42:00 | DEBUG | repo=a4m36jee-2014 | action=edit | files=3
2025-03-12 18:43:00 | DEBUG | repo=a4m36jee-2014 | action=commit
2025-07-04 08:58:00 | DEBUG | repo=a4m36jee-2014 | action=commit
2025-10-15 18:54:00 | INFO | repo=a4m36jee-2014 | action=commit
2025-06-11 08:04:00 | WARN | repo=a4m36jee-2014 | action=commit
2025-07-09 20:44:00 | WARN | repo=a4m36jee-2014 | action=commit
2025-06-04 19:21:00 | INFO | repo=a4m36jee-2014 | action=commit
2025-09-15 07:36:00 | INFO | repo=a4m36jee-2014 | action=commit
2025-12-17 11:26:00 | INFO | repo=a4m36jee-2014 | action=commit
2025-02-12 13:48:00 | WARN | repo=a4m36jee-2014 | action=commit
2025-07-20 21:48:00 | DEBUG | repo=a4m36jee-2014 | action=pull
2025-12-13 08:14:00 | DEBUG | repo=a4m36jee-2014 | action=commit
2025-08-05 11:44:00 | INFO | repo=a4m36jee-2014 | action=commit
2025-08-10 17:47:00 | WARN | repo=a4m36jee-2014 | action=commit
2025-01-22 07:07:00 | WARN | repo=a4m36jee-2014 | action=commit
2025-09-06 07:43:00 | DEBUG | repo=a4m36jee-2014 | action=commit
2025-01-03 19:42:00 | DEBUG | repo=a4m36jee-2014 | action=commit
2025-01-12 21:39:00 | INFO | repo=a4m36jee-2014 | action=commit
2025-09-08 10:21:00 | DEBUG | repo=a4m36jee-2014 | action=edit | files=3
2025-01-28 15:41:00 | DEBUG | repo=a4m36jee-2014 | action=commit
2025-04-07 19:11:00 | WARN | repo=a4m36jee-2014 | action=commit
2025-04-25 20:12:00 | DEBUG | repo=a4m36jee-2014 | action=commit
2025-10-25 19:55:00 | DEBUG | repo=a4m36jee-2014 | action=test | passed=true
2025-10-19 18:52:00 | WARN | repo=a4m36jee-2014 | action=commit
2025-11-19 09:20:00 | DEBUG | repo=a4m36jee-2014 | action=commit
2025-08-03 11:21:00 | DEBUG | repo=a4m36jee-2014 | action=edit | files=4
2025-11-18 15:41:00 | WARN | repo=a4m36jee-2014 | action=commit
2025-06-02 12:32:00 | WARN | repo=a4m36jee-2014 | action=commit
2025-04-03 18:11:00 | INFO | repo=a4m36jee-2014 | action=pull
2025-07-20 18:40:00 | WARN | repo=a4m36jee-2014 | action=commit
2025-04-03 15:19:00 | INFO | repo=a4m36jee-2014 | action=commit
2025-07-14 18:12:00 | DEBUG | repo=a4m36jee-2014 | action=commit
2025-12-14 09:24:00 | DEBUG | repo=a4m36jee-2014 | action=commit
2025-05-15 13:51:00 | DEBUG | repo=a4m36jee-2014 | action=commit
2025-01-18 13:06:00 | INFO | repo=a4m36jee-2014 | action=commit
2025-06-10 14:33:00 | INFO | repo=a4m36jee-2014 | action=commit
2025-03-19 19:36:00 | WARN | repo=a4m36jee-2014 | action=commit
2025-03-25 12:10:00 | WARN | repo=a4m36jee-2014 | action=pull
2025-02-22 17:56:00 | INFO | repo=a4m36jee-2014 | action=edit | files=3
2025-10-11 19:10:00 | DEBUG | repo=a4m36jee-2014 | action=commit
2025-08-25 08:20:00 | INFO | repo=a4m36jee-2014 | action=commit
2025-01-11 10:16:00 | INFO | repo=a4m36jee-2014 | action=test | passed=true
2025-12-26 11:13:00 | INFO | repo=a4m36jee-2014 | action=commit
2025-11-25 18:08:00 | DEBUG | repo=a4m36jee-2014 | action=commit
2025-02-25 20:27:00 | DEBUG | repo=a4m36jee-2014 | action=edit | files=2
2025-10-23 07:11:00 | WARN | repo=a4m36jee-2014 | action=commit
2025-12-28 12:55:00 | INFO | repo=a4m36jee-2014 | action=commit
2025-07-15 12:56:00 | INFO | repo=a4m36jee-2014 | action=edit | files=3
2025-06-01 19:49:00 | INFO | repo=a4m36jee-2014 | action=test | passed=true
2025-12-25 07:27:00 | WARN | repo=a4m36jee-2014 | action=edit | files=1
2025-06-06 12:58:00 | INFO | repo=a4m36jee-2014 | action=commit
2025-10-11 19:44:00 | WARN | repo=a4m36jee-2014 | action=commit
2025-09-01 19:21:00 | INFO | repo=a4m36jee-2014 | action=commit
2025-10-05 11:26:00 | INFO | repo=a4m36jee-2014 | action=commit
2025-03-12 15:25:00 | WARN | repo=a4m36jee-2014 | action=test | passed=true
2025-02-24 12:50:00 | INFO | repo=a4m36jee-2014 | action=edit | files=1
2025-06-24 12:48:00 | WARN | repo=a4m36jee-2014 | action=edit | files=4
2025-11-14 21:17:00 | INFO | repo=a4m36jee-2014 | action=edit | files=3
2025-09-13 13:28:00 | WARN | repo=a4m36jee-2014 | action=pull
2025-04-05 19:29:00 | DEBUG | repo=a4m36jee-2014 | action=test | passed=true
2025-10-28 17:09:00 | DEBUG | repo=a4m36jee-2014 | action=commit
2025-11-03 07:02:00 | INFO | repo=a4m36jee-2014 | action=commit
2025-05-20 09:06:00 | DEBUG | repo=a4m36jee-2014 | action=commit
2025-01-19 09:58:00 | DEBUG | repo=a4m36jee-2014 | action=commit
2025-08-19 07:36:00 | DEBUG | repo=a4m36jee-2014 | action=edit | files=5
2025-02-07 19:24:00 | WARN | repo=a4m36jee-2014 | action=commit
2025-02-28 11:52:00 | DEBUG | repo=a4m36jee-2014 | action=test | passed=true
2025-03-11 07:26:00 | DEBUG | repo=a4m36jee-2014 | action=edit | files=1
2025-05-18 21:19:00 | INFO | repo=a4m36jee-2014 | action=commit
2025-04-05 18:10:00 | DEBUG | repo=a4m36jee-2014 | action=commit
2025-10-19 14:43:00 | WARN | repo=a4m36jee-2014 | action=commit
2025-07-05 18:18:00 | WARN | repo=a4m36jee-2014 | action=commit
2025-07-14 14:12:00 | INFO | repo=a4m36jee-2014 | action=commit
2025-01-17 08:34:00 | DEBUG | repo=a4m36jee-2014 | action=commit
2025-10-16 18:51:00 | INFO | repo=a4m36jee-2014 | action=commit
2025-06-03 10:03:00 | WARN | repo=a4m36jee-2014 | action=edit | files=2
2025-05-24 09:49:00 | WARN | repo=a4m36jee-2014 | action=commit
2025-01-28 20:00:00 | DEBUG | repo=a4m36jee-2014 | action=commit
2025-01-14 07:54:00 | WARN | repo=a4m36jee-2014 | action=pull
2025-03-01 08:41:00 | DEBUG | repo=a4m36jee-2014 | action=commit
2025-01-04 21:46:00 | WARN | repo=a4m36jee-2014 | action=commit
2025-03-17 07:06:00 | INFO | repo=a4m36jee-2014 | action=pull
2025-08-09 13:47:00 | DEBUG | repo=a4m36jee-2014 | action=edit | files=2
2025-11-27 21:09:00 | WARN | repo=a4m36jee-2014 | action=commit
2025-05-09 12:25:00 | WARN | repo=a4m36jee-2014 | action=commit
2025-11-22 12:46:00 | DEBUG | repo=a4m36jee-2014 | action=commit
2025-03-27 13:59:00 | INFO | repo=a4m36jee-2014 | action=edit | files=1
2025-07-09 11:56:00 | WARN | repo=a4m36jee-2014 | action=commit
2025-11-13 12:16:00 | INFO | repo=a4m36jee-2014 | action=commit
2025-10-16 08:23:00 | WARN | repo=a4m36jee-2014 | action=pull
2025-05-03 14:37:00 | WARN | repo=a4m36jee-2014 | action=commit
2025-11-05 07:58:00 | DEBUG | repo=a4m36jee-2014 | action=commit
2025-08-07 11:11:00 | INFO | repo=a4m36jee-2014 | action=pull
2025-02-17 08:39:00 | INFO | repo=a4m36jee-2014 | action=commit
2025-10-05 15:09:00 | DEBUG | repo=a4m36jee-2014 | action=edit | files=3
2025-08-06 10:54:00 | DEBUG | repo=a4m36jee-2014 | action=commit
2025-04-16 19:46:00 | WARN | repo=a4m36jee-2014 | action=pull
2025-12-19 15:17:00 | DEBUG | repo=a4m36jee-2014 | action=edit | files=4
2025-11-01 07:46:00 | INFO | repo=a4m36jee-2014 | action=test | passed=true
2025-06-10 18:10:00 | DEBUG | repo=a4m36jee-2014 | action=commit
2025-09-17 07:18:00 | INFO | repo=a4m36jee-2014 | action=edit | files=2
2025-06-28 09:25:00 | INFO | repo=a4m36jee-2014 | action=commit
2025-06-02 16:04:00 | WARN | repo=a4m36jee-2014 | action=commit
2025-10-06 08:10:00 | WARN | repo=a4m36jee-2014 | action=commit
2025-01-20 12:50:00 | INFO | repo=a4m36jee-2014 | action=pull
2025-12-13 11:29:00 | INFO | repo=a4m36jee-2014 | action=commit
2025-02-02 14:43:00 | DEBUG | repo=a4m36jee-2014 | action=pull
2025-03-13 15:10:00 | WARN | repo=a4m36jee-2014 | action=commit
2025-03-13 19:45:00 | INFO | repo=a4m36jee-2014 | action=commit
2025-05-06 07:19:00 | INFO | repo=a4m36jee-2014 | action=commit
2025-06-13 10:39:00 | WARN | repo=a4m36jee-2014 | action=edit | files=2
2025-08-12 11:10:00 | DEBUG | repo=a4m36jee-2014 | action=commit
2025-08-15 15:13:00 | WARN | repo=a4m36jee-2014 | action=commit
2025-10-12 18:56:00 | INFO | repo=a4m36jee-2014 | action=edit | files=5
2025-01-02 19:01:00 | DEBUG | repo=a4m36jee-2014 | action=commit
2025-07-04 08:05:00 | INFO | repo=a4m36jee-2014 | action=commit
2025-01-03 21:26:00 | DEBUG | repo=a4m36jee-2014 | action=commit
2025-09-05 17:43:00 | WARN | repo=a4m36jee-2014 | action=test | passed=true
2025-05-10 20:58:00 | WARN | repo=a4m36jee-2014 | action=commit
2025-06-18 13:31:00 | INFO | repo=a4m36jee-2014 | action=edit | files=2
2025-09-23 19:18:00 | WARN | repo=a4m36jee-2014 | action=commit
2025-11-28 08:24:00 | WARN | repo=a4m36jee-2014 | action=commit
2025-07-05 18:47:00 | DEBUG | repo=a4m36jee-2014 | action=edit | files=5
2025-08-11 08:57:00 | DEBUG | repo=a4m36jee-2014 | action=test | passed=true
2025-01-22 11:29:00 | INFO | repo=a4m36jee-2014 | action=commit
2025-05-18 20:57:00 | DEBUG | repo=a4m36jee-2014 | action=commit
2025-05-08 07:26:00 | WARN | repo=a4m36jee-2014 | action=test | passed=true
2025-03-25 16:03:00 | INFO | repo=a4m36jee-2014 | action=commit
2025-05-12 18:32:00 | INFO | repo=a4m36jee-2014 | action=commit
2025-08-25 07:42:00 | DEBUG | repo=a4m36jee-2014 | action=test | passed=true
2025-06-27 19:13:00 | INFO | repo=a4m36jee-2014 | action=edit | files=3
2025-05-06 18:21:00 | INFO | repo=a4m36jee-2014 | action=commit
2025-10-09 13:15:00 | DEBUG | repo=a4m36jee-2014 | action=commit
2025-12-18 09:00:00 | WARN | repo=a4m36jee-2014 | action=commit
2025-10-04 13:42:00 | INFO | repo=a4m36jee-2014 | action=commit
2025-09-25 18:55:00 | INFO | repo=a4m36jee-2014 | action=commit
2025-06-26 08:05:00 | INFO | repo=a4m36jee-2014 | action=commit
2025-12-24 18:47:00 | INFO | repo=a4m36jee-2014 | action=pull
2025-11-04 08:05:00 | DEBUG | repo=a4m36jee-2014 | action=pull
2025-02-23 19:44:00 | WARN | repo=a4m36jee-2014 | action=pull
2025-05-10 08:57:00 | DEBUG | repo=a4m36jee-2014 | action=test | passed=true
2025-03-23 08:32:00 | DEBUG | repo=a4m36jee-2014 | action=commit
